<?xml version="1.0" encoding="UTF-8"?>
<!-- Generated by org.testng.reporters.JUnitReportReporter -->
<testsuite hostname="LAPTOP-5NNV456M" name="cucumber.CucumberRunner" tests="1" failures="0" timestamp="28 May 2019 20:15:33 GMT" time="22.890" errors="0">
  <testcase name="feature" time="22.890" classname="cucumber.CucumberRunner"/>
</testsuite> <!-- cucumber.CucumberRunner -->
