<?xml version="1.0" encoding="UTF-8"?>
<!-- Generated by org.testng.reporters.JUnitReportReporter -->
<testsuite hostname="LAPTOP-5NNV456M" name="cucumber.CucumberRunner" tests="1" failures="0" timestamp="26 May 2019 14:02:13 GMT" time="29.020" errors="0">
  <testcase name="feature" time="29.020" classname="cucumber.CucumberRunner"/>
</testsuite> <!-- cucumber.CucumberRunner -->
