<?xml version="1.0" encoding="UTF-8"?>
<!-- Generated by org.testng.reporters.JUnitReportReporter -->
<testsuite hostname="LAPTOP-5NNV456M" name="cucumber.CucumberRunner" tests="1" failures="0" timestamp="27 May 2019 00:24:59 GMT" time="20.270" errors="0">
  <testcase name="feature" time="20.270" classname="cucumber.CucumberRunner"/>
</testsuite> <!-- cucumber.CucumberRunner -->
