<?xml version="1.0" encoding="UTF-8"?>
<!-- Generated by org.testng.reporters.JUnitReportReporter -->
<testsuite hostname="LAPTOP-5NNV456M" name="cucumber.CucumberRunner" tests="2" failures="0" timestamp="27 May 2019 00:45:23 GMT" time="102.447" errors="0">
  <testcase name="feature" time="46.755" classname="cucumber.CucumberRunner"/>
  <testcase name="feature" time="55.692" classname="cucumber.CucumberRunner"/>
</testsuite> <!-- cucumber.CucumberRunner -->
