<?xml version="1.0" encoding="UTF-8"?>
<!-- Generated by org.testng.reporters.JUnitReportReporter -->
<testsuite hostname="LAPTOP-5NNV456M" name="cucumber.CucumberRunner" tests="2" failures="0" timestamp="27 May 2019 20:51:33 GMT" time="103.202" errors="0">
  <testcase name="feature" time="56.090" classname="cucumber.CucumberRunner"/>
  <testcase name="feature" time="47.112" classname="cucumber.CucumberRunner"/>
</testsuite> <!-- cucumber.CucumberRunner -->
